<?xml version="1.0" encoding="UTF-8"?>
<!-- Generated by org.testng.reporters.JUnitReportReporter -->
<testsuite hostname="CPDK095" failures="0" tests="1" name="com.firstTest.FirstTest" time="4.572" errors="0" timestamp="2024-07-05T12:22:57 IST" skipped="0">
  <testcase classname="com.firstTest.FirstTest" name="GETApitest2" time="4.572"/>
</testsuite> <!-- com.firstTest.FirstTest -->
