<?xml version="1.0" encoding="UTF-8"?>
<!-- Generated by org.testng.reporters.JUnitReportReporter -->
<testsuite hostname="CPDK095" failures="0" tests="1" name="com.firstTest.OrganicProject" time="4.624" errors="0" timestamp="2024-07-05T13:53:04 IST" skipped="0">
  <testcase classname="com.firstTest.OrganicProject" name="UserApiTest" time="4.624"/>
</testsuite> <!-- com.firstTest.OrganicProject -->
