<?xml version="1.0" encoding="UTF-8"?>
<!-- Generated by org.testng.reporters.JUnitReportReporter -->
<testsuite hostname="CPDK095" failures="0" tests="1" name="com.firstTest.TestGETandPostRequest" time="3.893" errors="0" timestamp="2024-07-05T15:00:01 IST" skipped="0">
  <testcase classname="com.firstTest.TestGETandPostRequest" name="POStRequest" time="3.893"/>
</testsuite> <!-- com.firstTest.TestGETandPostRequest -->
