<?xml version="1.0" encoding="UTF-8"?>
<!-- Generated by org.testng.reporters.JUnitReportReporter -->
<testsuite hostname="CPDK095" failures="0" tests="3" name="com.firstTest.ProjectPutPatchDelete" time="3.151" errors="0" timestamp="2024-07-05T15:58:26 IST" skipped="0">
  <testcase classname="com.firstTest.ProjectPutPatchDelete" name="DELETERequest" time="2.893"/>
  <testcase classname="com.firstTest.ProjectPutPatchDelete" name="PATCHRequest" time="0.193"/>
  <testcase classname="com.firstTest.ProjectPutPatchDelete" name="PUTRequest" time="0.065"/>
</testsuite> <!-- com.firstTest.ProjectPutPatchDelete -->
