<?xml version="1.0" encoding="UTF-8"?>
<!-- Generated by org.testng.reporters.JUnitReportReporter -->
<testsuite hostname="CPDK095" failures="0" tests="2" name="com.firstTest.ProjectGetAndPost" time="3.893" errors="0" timestamp="2024-07-05T15:59:10 IST" skipped="0">
  <testcase classname="com.firstTest.ProjectGetAndPost" name="GETRequest" time="3.799"/>
  <testcase classname="com.firstTest.ProjectGetAndPost" name="POStRequest" time="0.094"/>
</testsuite> <!-- com.firstTest.ProjectGetAndPost -->
