<?xml version="1.0" encoding="UTF-8"?>
<!-- Generated by org.testng.reporters.JUnitReportReporter -->
<testsuite hostname="CPDK095" failures="0" tests="1" name="com.firstTest.PutPatchAndDeleteRequest" time="5.412" errors="0" timestamp="2024-07-05T15:12:17 IST" skipped="0">
  <testcase classname="com.firstTest.PutPatchAndDeleteRequest" name="PATCHRequest" time="5.412"/>
</testsuite> <!-- com.firstTest.PutPatchAndDeleteRequest -->
